[0.024s] Invoking command in '/home/youngmo/turtlebot3/build/turtlebot3_navigation2': CMAKE_PREFIX_PATH=${CMAKE_PREFIX_PATH}:/home/youngmo/turtlebot3/install/rfid_tag_publisher:/home/youngmo/turtlebot3_ws/install/turtlebot3_teleop:/home/youngmo/turtlebot3_ws/install/turtlebot3_example:/home/youngmo/ros2_ws/install/ros_study_py:/home/youngmo/ros2_ws/install/ex_calculator_py:/home/youngmo/ros2_ws/install/opencv_py:/home/youngmo/ros2_ws/install/hangman_game:/opt/ros/humble /usr/bin/cmake /home/youngmo/turtlebot3/turtlebot3_navigation2 -DCMAKE_INSTALL_PREFIX=/home/youngmo/turtlebot3/install/turtlebot3_navigation2
[0.109s] -- The C compiler identification is GNU 11.4.0
[0.173s] -- The CXX compiler identification is GNU 11.4.0
[0.185s] -- Detecting C compiler ABI info
[0.288s] -- Detecting C compiler ABI info - done
[0.300s] -- Check for working C compiler: /usr/bin/cc - skipped
[0.300s] -- Detecting C compile features
[0.300s] -- Detecting C compile features - done
[0.305s] -- Detecting CXX compiler ABI info
[0.403s] -- Detecting CXX compiler ABI info - done
[0.413s] -- Check for working CXX compiler: /usr/bin/c++ - skipped
[0.413s] -- Detecting CXX compile features
[0.413s] -- Detecting CXX compile features - done
[0.413s] -- Found ament_cmake: 1.3.11 (/opt/ros/humble/share/ament_cmake/cmake)
[0.549s] -- Found Python3: /usr/bin/python3 (found version "3.10.12") found components: Interpreter 
[0.684s] -- Configuring done
[0.688s] -- Generating done
[0.688s] -- Build files have been written to: /home/youngmo/turtlebot3/build/turtlebot3_navigation2
[0.698s] Invoked command in '/home/youngmo/turtlebot3/build/turtlebot3_navigation2' returned '0': CMAKE_PREFIX_PATH=${CMAKE_PREFIX_PATH}:/home/youngmo/turtlebot3/install/rfid_tag_publisher:/home/youngmo/turtlebot3_ws/install/turtlebot3_teleop:/home/youngmo/turtlebot3_ws/install/turtlebot3_example:/home/youngmo/ros2_ws/install/ros_study_py:/home/youngmo/ros2_ws/install/ex_calculator_py:/home/youngmo/ros2_ws/install/opencv_py:/home/youngmo/ros2_ws/install/hangman_game:/opt/ros/humble /usr/bin/cmake /home/youngmo/turtlebot3/turtlebot3_navigation2 -DCMAKE_INSTALL_PREFIX=/home/youngmo/turtlebot3/install/turtlebot3_navigation2
[0.699s] Invoking command in '/home/youngmo/turtlebot3/build/turtlebot3_navigation2': CMAKE_PREFIX_PATH=${CMAKE_PREFIX_PATH}:/home/youngmo/turtlebot3/install/rfid_tag_publisher:/home/youngmo/turtlebot3_ws/install/turtlebot3_teleop:/home/youngmo/turtlebot3_ws/install/turtlebot3_example:/home/youngmo/ros2_ws/install/ros_study_py:/home/youngmo/ros2_ws/install/ex_calculator_py:/home/youngmo/ros2_ws/install/opencv_py:/home/youngmo/ros2_ws/install/hangman_game:/opt/ros/humble /usr/bin/cmake --build /home/youngmo/turtlebot3/build/turtlebot3_navigation2 -- -j16 -l16
[0.740s] Invoked command in '/home/youngmo/turtlebot3/build/turtlebot3_navigation2' returned '0': CMAKE_PREFIX_PATH=${CMAKE_PREFIX_PATH}:/home/youngmo/turtlebot3/install/rfid_tag_publisher:/home/youngmo/turtlebot3_ws/install/turtlebot3_teleop:/home/youngmo/turtlebot3_ws/install/turtlebot3_example:/home/youngmo/ros2_ws/install/ros_study_py:/home/youngmo/ros2_ws/install/ex_calculator_py:/home/youngmo/ros2_ws/install/opencv_py:/home/youngmo/ros2_ws/install/hangman_game:/opt/ros/humble /usr/bin/cmake --build /home/youngmo/turtlebot3/build/turtlebot3_navigation2 -- -j16 -l16
[0.750s] Invoking command in '/home/youngmo/turtlebot3/build/turtlebot3_navigation2': CMAKE_PREFIX_PATH=${CMAKE_PREFIX_PATH}:/home/youngmo/turtlebot3/install/rfid_tag_publisher:/home/youngmo/turtlebot3_ws/install/turtlebot3_teleop:/home/youngmo/turtlebot3_ws/install/turtlebot3_example:/home/youngmo/ros2_ws/install/ros_study_py:/home/youngmo/ros2_ws/install/ex_calculator_py:/home/youngmo/ros2_ws/install/opencv_py:/home/youngmo/ros2_ws/install/hangman_game:/opt/ros/humble /usr/bin/cmake --install /home/youngmo/turtlebot3/build/turtlebot3_navigation2
[0.759s] -- Install configuration: ""
[0.762s] -- Installing: /home/youngmo/turtlebot3/install/turtlebot3_navigation2/share/turtlebot3_navigation2/launch
[0.762s] -- Installing: /home/youngmo/turtlebot3/install/turtlebot3_navigation2/share/turtlebot3_navigation2/launch/navigation2.launch.py
[0.762s] -- Installing: /home/youngmo/turtlebot3/install/turtlebot3_navigation2/share/turtlebot3_navigation2/map
[0.762s] -- Installing: /home/youngmo/turtlebot3/install/turtlebot3_navigation2/share/turtlebot3_navigation2/map/map.pgm
[0.762s] -- Installing: /home/youngmo/turtlebot3/install/turtlebot3_navigation2/share/turtlebot3_navigation2/map/map.yaml
[0.762s] -- Installing: /home/youngmo/turtlebot3/install/turtlebot3_navigation2/share/turtlebot3_navigation2/param
[0.762s] -- Installing: /home/youngmo/turtlebot3/install/turtlebot3_navigation2/share/turtlebot3_navigation2/param/burger_cam.yaml
[0.762s] -- Installing: /home/youngmo/turtlebot3/install/turtlebot3_navigation2/share/turtlebot3_navigation2/param/burger.yaml
[0.762s] -- Installing: /home/youngmo/turtlebot3/install/turtlebot3_navigation2/share/turtlebot3_navigation2/param/humble
[0.762s] -- Installing: /home/youngmo/turtlebot3/install/turtlebot3_navigation2/share/turtlebot3_navigation2/param/humble/burger_cam.yaml
[0.763s] -- Installing: /home/youngmo/turtlebot3/install/turtlebot3_navigation2/share/turtlebot3_navigation2/param/humble/burger.yaml
[0.763s] -- Installing: /home/youngmo/turtlebot3/install/turtlebot3_navigation2/share/turtlebot3_navigation2/param/humble/waffle.yaml
[0.763s] -- Installing: /home/youngmo/turtlebot3/install/turtlebot3_navigation2/share/turtlebot3_navigation2/param/humble/waffle_pi.yaml
[0.763s] -- Installing: /home/youngmo/turtlebot3/install/turtlebot3_navigation2/share/turtlebot3_navigation2/param/waffle.yaml
[0.763s] -- Installing: /home/youngmo/turtlebot3/install/turtlebot3_navigation2/share/turtlebot3_navigation2/param/waffle_pi.yaml
[0.763s] -- Installing: /home/youngmo/turtlebot3/install/turtlebot3_navigation2/share/turtlebot3_navigation2/rviz
[0.763s] -- Installing: /home/youngmo/turtlebot3/install/turtlebot3_navigation2/share/turtlebot3_navigation2/rviz/tb3_navigation2.rviz
[0.763s] -- Installing: /home/youngmo/turtlebot3/install/turtlebot3_navigation2/share/ament_index/resource_index/package_run_dependencies/turtlebot3_navigation2
[0.763s] -- Installing: /home/youngmo/turtlebot3/install/turtlebot3_navigation2/share/ament_index/resource_index/parent_prefix_path/turtlebot3_navigation2
[0.763s] -- Installing: /home/youngmo/turtlebot3/install/turtlebot3_navigation2/share/turtlebot3_navigation2/environment/ament_prefix_path.sh
[0.763s] -- Installing: /home/youngmo/turtlebot3/install/turtlebot3_navigation2/share/turtlebot3_navigation2/environment/ament_prefix_path.dsv
[0.763s] -- Installing: /home/youngmo/turtlebot3/install/turtlebot3_navigation2/share/turtlebot3_navigation2/environment/path.sh
[0.763s] -- Installing: /home/youngmo/turtlebot3/install/turtlebot3_navigation2/share/turtlebot3_navigation2/environment/path.dsv
[0.763s] -- Installing: /home/youngmo/turtlebot3/install/turtlebot3_navigation2/share/turtlebot3_navigation2/local_setup.bash
[0.763s] -- Installing: /home/youngmo/turtlebot3/install/turtlebot3_navigation2/share/turtlebot3_navigation2/local_setup.sh
[0.763s] -- Installing: /home/youngmo/turtlebot3/install/turtlebot3_navigation2/share/turtlebot3_navigation2/local_setup.zsh
[0.763s] -- Installing: /home/youngmo/turtlebot3/install/turtlebot3_navigation2/share/turtlebot3_navigation2/local_setup.dsv
[0.763s] -- Installing: /home/youngmo/turtlebot3/install/turtlebot3_navigation2/share/turtlebot3_navigation2/package.dsv
[0.763s] -- Installing: /home/youngmo/turtlebot3/install/turtlebot3_navigation2/share/ament_index/resource_index/packages/turtlebot3_navigation2
[0.763s] -- Installing: /home/youngmo/turtlebot3/install/turtlebot3_navigation2/share/turtlebot3_navigation2/cmake/turtlebot3_navigation2Config.cmake
[0.763s] -- Installing: /home/youngmo/turtlebot3/install/turtlebot3_navigation2/share/turtlebot3_navigation2/cmake/turtlebot3_navigation2Config-version.cmake
[0.763s] -- Installing: /home/youngmo/turtlebot3/install/turtlebot3_navigation2/share/turtlebot3_navigation2/package.xml
[0.770s] Invoked command in '/home/youngmo/turtlebot3/build/turtlebot3_navigation2' returned '0': CMAKE_PREFIX_PATH=${CMAKE_PREFIX_PATH}:/home/youngmo/turtlebot3/install/rfid_tag_publisher:/home/youngmo/turtlebot3_ws/install/turtlebot3_teleop:/home/youngmo/turtlebot3_ws/install/turtlebot3_example:/home/youngmo/ros2_ws/install/ros_study_py:/home/youngmo/ros2_ws/install/ex_calculator_py:/home/youngmo/ros2_ws/install/opencv_py:/home/youngmo/ros2_ws/install/hangman_game:/opt/ros/humble /usr/bin/cmake --install /home/youngmo/turtlebot3/build/turtlebot3_navigation2
