[0.094s] DEBUG:colcon:Command line arguments: ['/usr/bin/colcon', 'build', '--packages-select', 'rfid_return_navigation']
[0.094s] DEBUG:colcon:Parsed command line arguments: Namespace(log_base=None, log_level=None, verb_name='build', build_base='build', install_base='install', merge_install=False, symlink_install=False, test_result_base=None, continue_on_error=False, executor='parallel', parallel_workers=16, event_handlers=None, ignore_user_meta=False, metas=['./colcon.meta'], base_paths=['.'], packages_ignore=None, packages_ignore_regex=None, paths=None, packages_up_to=None, packages_up_to_regex=None, packages_above=None, packages_above_and_dependencies=None, packages_above_depth=None, packages_select_by_dep=None, packages_skip_by_dep=None, packages_skip_up_to=None, packages_select_build_failed=False, packages_skip_build_finished=False, packages_select_test_failures=False, packages_skip_test_passed=False, packages_select=['rfid_return_navigation'], packages_skip=None, packages_select_regex=None, packages_skip_regex=None, packages_start=None, packages_end=None, allow_overriding=[], cmake_args=None, cmake_target=None, cmake_target_skip_unavailable=False, cmake_clean_cache=False, cmake_clean_first=False, cmake_force_configure=False, ament_cmake_args=None, catkin_cmake_args=None, catkin_skip_building_tests=False, verb_parser=<colcon_defaults.argument_parser.defaults.DefaultArgumentsDecorator object at 0x7108ddf7b8b0>, verb_extension=<colcon_core.verb.build.BuildVerb object at 0x7108de191060>, main=<bound method BuildVerb.main of <colcon_core.verb.build.BuildVerb object at 0x7108de191060>>)
[0.170s] Level 1:colcon.colcon_core.package_discovery:discover_packages(colcon_meta) check parameters
[0.170s] Level 1:colcon.colcon_core.package_discovery:discover_packages(recursive) check parameters
[0.170s] Level 1:colcon.colcon_core.package_discovery:discover_packages(ignore) check parameters
[0.170s] Level 1:colcon.colcon_core.package_discovery:discover_packages(path) check parameters
[0.170s] Level 1:colcon.colcon_core.package_discovery:discover_packages(colcon_meta) discover
[0.170s] Level 1:colcon.colcon_core.package_discovery:discover_packages(recursive) discover
[0.170s] INFO:colcon.colcon_core.package_discovery:Crawling recursively for packages in '/home/youngmo/turtlebot3'
[0.170s] Level 1:colcon.colcon_core.package_identification:_identify(.) by extensions ['ignore', 'ignore_ament_install']
[0.170s] Level 1:colcon.colcon_core.package_identification:_identify(.) by extension 'ignore'
[0.170s] Level 1:colcon.colcon_core.package_identification:_identify(.) by extension 'ignore_ament_install'
[0.170s] Level 1:colcon.colcon_core.package_identification:_identify(.) by extensions ['colcon_pkg']
[0.170s] Level 1:colcon.colcon_core.package_identification:_identify(.) by extension 'colcon_pkg'
[0.170s] Level 1:colcon.colcon_core.package_identification:_identify(.) by extensions ['colcon_meta']
[0.170s] Level 1:colcon.colcon_core.package_identification:_identify(.) by extension 'colcon_meta'
[0.170s] Level 1:colcon.colcon_core.package_identification:_identify(.) by extensions ['ros']
[0.170s] Level 1:colcon.colcon_core.package_identification:_identify(.) by extension 'ros'
[0.183s] Level 1:colcon.colcon_core.package_identification:_identify(.) by extensions ['cmake', 'python']
[0.183s] Level 1:colcon.colcon_core.package_identification:_identify(.) by extension 'cmake'
[0.183s] Level 1:colcon.colcon_core.package_identification:_identify(.) by extension 'python'
[0.183s] Level 1:colcon.colcon_core.package_identification:_identify(.) by extensions ['python_setup_py']
[0.183s] Level 1:colcon.colcon_core.package_identification:_identify(.) by extension 'python_setup_py'
[0.183s] Level 1:colcon.colcon_core.package_identification:_identify(build) by extensions ['ignore', 'ignore_ament_install']
[0.183s] Level 1:colcon.colcon_core.package_identification:_identify(build) by extension 'ignore'
[0.183s] Level 1:colcon.colcon_core.package_identification:_identify(build) ignored
[0.183s] Level 1:colcon.colcon_core.package_identification:_identify(install) by extensions ['ignore', 'ignore_ament_install']
[0.183s] Level 1:colcon.colcon_core.package_identification:_identify(install) by extension 'ignore'
[0.183s] Level 1:colcon.colcon_core.package_identification:_identify(install) ignored
[0.183s] Level 1:colcon.colcon_core.package_identification:_identify(log) by extensions ['ignore', 'ignore_ament_install']
[0.183s] Level 1:colcon.colcon_core.package_identification:_identify(log) by extension 'ignore'
[0.183s] Level 1:colcon.colcon_core.package_identification:_identify(log) ignored
[0.183s] Level 1:colcon.colcon_core.package_identification:_identify(rfid_return_navigation) by extensions ['ignore', 'ignore_ament_install']
[0.183s] Level 1:colcon.colcon_core.package_identification:_identify(rfid_return_navigation) by extension 'ignore'
[0.183s] Level 1:colcon.colcon_core.package_identification:_identify(rfid_return_navigation) by extension 'ignore_ament_install'
[0.183s] Level 1:colcon.colcon_core.package_identification:_identify(rfid_return_navigation) by extensions ['colcon_pkg']
[0.183s] Level 1:colcon.colcon_core.package_identification:_identify(rfid_return_navigation) by extension 'colcon_pkg'
[0.183s] Level 1:colcon.colcon_core.package_identification:_identify(rfid_return_navigation) by extensions ['colcon_meta']
[0.183s] Level 1:colcon.colcon_core.package_identification:_identify(rfid_return_navigation) by extension 'colcon_meta'
[0.183s] Level 1:colcon.colcon_core.package_identification:_identify(rfid_return_navigation) by extensions ['ros']
[0.183s] Level 1:colcon.colcon_core.package_identification:_identify(rfid_return_navigation) by extension 'ros'
[0.185s] DEBUG:colcon.colcon_core.package_identification:Package 'rfid_return_navigation' with type 'ros.ament_python' and name 'rfid_return_navigation'
[0.185s] Level 1:colcon.colcon_core.package_identification:_identify(rfid_tag_publisher) by extensions ['ignore', 'ignore_ament_install']
[0.185s] Level 1:colcon.colcon_core.package_identification:_identify(rfid_tag_publisher) by extension 'ignore'
[0.185s] Level 1:colcon.colcon_core.package_identification:_identify(rfid_tag_publisher) by extension 'ignore_ament_install'
[0.185s] Level 1:colcon.colcon_core.package_identification:_identify(rfid_tag_publisher) by extensions ['colcon_pkg']
[0.185s] Level 1:colcon.colcon_core.package_identification:_identify(rfid_tag_publisher) by extension 'colcon_pkg'
[0.185s] Level 1:colcon.colcon_core.package_identification:_identify(rfid_tag_publisher) by extensions ['colcon_meta']
[0.185s] Level 1:colcon.colcon_core.package_identification:_identify(rfid_tag_publisher) by extension 'colcon_meta'
[0.185s] Level 1:colcon.colcon_core.package_identification:_identify(rfid_tag_publisher) by extensions ['ros']
[0.185s] Level 1:colcon.colcon_core.package_identification:_identify(rfid_tag_publisher) by extension 'ros'
[0.185s] DEBUG:colcon.colcon_core.package_identification:Package 'rfid_tag_publisher' with type 'ros.ament_python' and name 'rfid_tag_publisher'
[0.185s] Level 1:colcon.colcon_core.package_identification:_identify(turtlebot3) by extensions ['ignore', 'ignore_ament_install']
[0.186s] Level 1:colcon.colcon_core.package_identification:_identify(turtlebot3) by extension 'ignore'
[0.186s] Level 1:colcon.colcon_core.package_identification:_identify(turtlebot3) by extension 'ignore_ament_install'
[0.186s] Level 1:colcon.colcon_core.package_identification:_identify(turtlebot3) by extensions ['colcon_pkg']
[0.186s] Level 1:colcon.colcon_core.package_identification:_identify(turtlebot3) by extension 'colcon_pkg'
[0.186s] Level 1:colcon.colcon_core.package_identification:_identify(turtlebot3) by extensions ['colcon_meta']
[0.186s] Level 1:colcon.colcon_core.package_identification:_identify(turtlebot3) by extension 'colcon_meta'
[0.186s] Level 1:colcon.colcon_core.package_identification:_identify(turtlebot3) by extensions ['ros']
[0.186s] Level 1:colcon.colcon_core.package_identification:_identify(turtlebot3) by extension 'ros'
[0.186s] DEBUG:colcon.colcon_core.package_identification:Package 'turtlebot3' with type 'ros.ament_cmake' and name 'turtlebot3'
[0.186s] Level 1:colcon.colcon_core.package_identification:_identify(turtlebot3_bringup) by extensions ['ignore', 'ignore_ament_install']
[0.186s] Level 1:colcon.colcon_core.package_identification:_identify(turtlebot3_bringup) by extension 'ignore'
[0.186s] Level 1:colcon.colcon_core.package_identification:_identify(turtlebot3_bringup) by extension 'ignore_ament_install'
[0.186s] Level 1:colcon.colcon_core.package_identification:_identify(turtlebot3_bringup) by extensions ['colcon_pkg']
[0.186s] Level 1:colcon.colcon_core.package_identification:_identify(turtlebot3_bringup) by extension 'colcon_pkg'
[0.186s] Level 1:colcon.colcon_core.package_identification:_identify(turtlebot3_bringup) by extensions ['colcon_meta']
[0.186s] Level 1:colcon.colcon_core.package_identification:_identify(turtlebot3_bringup) by extension 'colcon_meta'
[0.186s] Level 1:colcon.colcon_core.package_identification:_identify(turtlebot3_bringup) by extensions ['ros']
[0.186s] Level 1:colcon.colcon_core.package_identification:_identify(turtlebot3_bringup) by extension 'ros'
[0.186s] DEBUG:colcon.colcon_core.package_identification:Package 'turtlebot3_bringup' with type 'ros.ament_cmake' and name 'turtlebot3_bringup'
[0.186s] Level 1:colcon.colcon_core.package_identification:_identify(turtlebot3_cartographer) by extensions ['ignore', 'ignore_ament_install']
[0.187s] Level 1:colcon.colcon_core.package_identification:_identify(turtlebot3_cartographer) by extension 'ignore'
[0.187s] Level 1:colcon.colcon_core.package_identification:_identify(turtlebot3_cartographer) by extension 'ignore_ament_install'
[0.187s] Level 1:colcon.colcon_core.package_identification:_identify(turtlebot3_cartographer) by extensions ['colcon_pkg']
[0.187s] Level 1:colcon.colcon_core.package_identification:_identify(turtlebot3_cartographer) by extension 'colcon_pkg'
[0.187s] Level 1:colcon.colcon_core.package_identification:_identify(turtlebot3_cartographer) by extensions ['colcon_meta']
[0.187s] Level 1:colcon.colcon_core.package_identification:_identify(turtlebot3_cartographer) by extension 'colcon_meta'
[0.187s] Level 1:colcon.colcon_core.package_identification:_identify(turtlebot3_cartographer) by extensions ['ros']
[0.187s] Level 1:colcon.colcon_core.package_identification:_identify(turtlebot3_cartographer) by extension 'ros'
[0.187s] DEBUG:colcon.colcon_core.package_identification:Package 'turtlebot3_cartographer' with type 'ros.ament_cmake' and name 'turtlebot3_cartographer'
[0.187s] Level 1:colcon.colcon_core.package_identification:_identify(turtlebot3_description) by extensions ['ignore', 'ignore_ament_install']
[0.187s] Level 1:colcon.colcon_core.package_identification:_identify(turtlebot3_description) by extension 'ignore'
[0.187s] Level 1:colcon.colcon_core.package_identification:_identify(turtlebot3_description) by extension 'ignore_ament_install'
[0.187s] Level 1:colcon.colcon_core.package_identification:_identify(turtlebot3_description) by extensions ['colcon_pkg']
[0.187s] Level 1:colcon.colcon_core.package_identification:_identify(turtlebot3_description) by extension 'colcon_pkg'
[0.187s] Level 1:colcon.colcon_core.package_identification:_identify(turtlebot3_description) by extensions ['colcon_meta']
[0.187s] Level 1:colcon.colcon_core.package_identification:_identify(turtlebot3_description) by extension 'colcon_meta'
[0.187s] Level 1:colcon.colcon_core.package_identification:_identify(turtlebot3_description) by extensions ['ros']
[0.187s] Level 1:colcon.colcon_core.package_identification:_identify(turtlebot3_description) by extension 'ros'
[0.187s] DEBUG:colcon.colcon_core.package_identification:Package 'turtlebot3_description' with type 'ros.ament_cmake' and name 'turtlebot3_description'
[0.187s] Level 1:colcon.colcon_core.package_identification:_identify(turtlebot3_example) by extensions ['ignore', 'ignore_ament_install']
[0.187s] Level 1:colcon.colcon_core.package_identification:_identify(turtlebot3_example) by extension 'ignore'
[0.187s] Level 1:colcon.colcon_core.package_identification:_identify(turtlebot3_example) by extension 'ignore_ament_install'
[0.188s] Level 1:colcon.colcon_core.package_identification:_identify(turtlebot3_example) by extensions ['colcon_pkg']
[0.188s] Level 1:colcon.colcon_core.package_identification:_identify(turtlebot3_example) by extension 'colcon_pkg'
[0.188s] Level 1:colcon.colcon_core.package_identification:_identify(turtlebot3_example) by extensions ['colcon_meta']
[0.188s] Level 1:colcon.colcon_core.package_identification:_identify(turtlebot3_example) by extension 'colcon_meta'
[0.188s] Level 1:colcon.colcon_core.package_identification:_identify(turtlebot3_example) by extensions ['ros']
[0.188s] Level 1:colcon.colcon_core.package_identification:_identify(turtlebot3_example) by extension 'ros'
[0.188s] DEBUG:colcon.colcon_core.package_identification:Package 'turtlebot3_example' with type 'ros.ament_python' and name 'turtlebot3_example'
[0.188s] Level 1:colcon.colcon_core.package_identification:_identify(turtlebot3_navigation2) by extensions ['ignore', 'ignore_ament_install']
[0.188s] Level 1:colcon.colcon_core.package_identification:_identify(turtlebot3_navigation2) by extension 'ignore'
[0.188s] Level 1:colcon.colcon_core.package_identification:_identify(turtlebot3_navigation2) by extension 'ignore_ament_install'
[0.188s] Level 1:colcon.colcon_core.package_identification:_identify(turtlebot3_navigation2) by extensions ['colcon_pkg']
[0.188s] Level 1:colcon.colcon_core.package_identification:_identify(turtlebot3_navigation2) by extension 'colcon_pkg'
[0.188s] Level 1:colcon.colcon_core.package_identification:_identify(turtlebot3_navigation2) by extensions ['colcon_meta']
[0.188s] Level 1:colcon.colcon_core.package_identification:_identify(turtlebot3_navigation2) by extension 'colcon_meta'
[0.188s] Level 1:colcon.colcon_core.package_identification:_identify(turtlebot3_navigation2) by extensions ['ros']
[0.188s] Level 1:colcon.colcon_core.package_identification:_identify(turtlebot3_navigation2) by extension 'ros'
[0.188s] DEBUG:colcon.colcon_core.package_identification:Package 'turtlebot3_navigation2' with type 'ros.ament_cmake' and name 'turtlebot3_navigation2'
[0.189s] Level 1:colcon.colcon_core.package_identification:_identify(turtlebot3_node) by extensions ['ignore', 'ignore_ament_install']
[0.189s] Level 1:colcon.colcon_core.package_identification:_identify(turtlebot3_node) by extension 'ignore'
[0.189s] Level 1:colcon.colcon_core.package_identification:_identify(turtlebot3_node) by extension 'ignore_ament_install'
[0.189s] Level 1:colcon.colcon_core.package_identification:_identify(turtlebot3_node) by extensions ['colcon_pkg']
[0.189s] Level 1:colcon.colcon_core.package_identification:_identify(turtlebot3_node) by extension 'colcon_pkg'
[0.189s] Level 1:colcon.colcon_core.package_identification:_identify(turtlebot3_node) by extensions ['colcon_meta']
[0.189s] Level 1:colcon.colcon_core.package_identification:_identify(turtlebot3_node) by extension 'colcon_meta'
[0.189s] Level 1:colcon.colcon_core.package_identification:_identify(turtlebot3_node) by extensions ['ros']
[0.189s] Level 1:colcon.colcon_core.package_identification:_identify(turtlebot3_node) by extension 'ros'
[0.189s] DEBUG:colcon.colcon_core.package_identification:Package 'turtlebot3_node' with type 'ros.ament_cmake' and name 'turtlebot3_node'
[0.189s] Level 1:colcon.colcon_core.package_identification:_identify(turtlebot3_teleop) by extensions ['ignore', 'ignore_ament_install']
[0.189s] Level 1:colcon.colcon_core.package_identification:_identify(turtlebot3_teleop) by extension 'ignore'
[0.189s] Level 1:colcon.colcon_core.package_identification:_identify(turtlebot3_teleop) by extension 'ignore_ament_install'
[0.189s] Level 1:colcon.colcon_core.package_identification:_identify(turtlebot3_teleop) by extensions ['colcon_pkg']
[0.189s] Level 1:colcon.colcon_core.package_identification:_identify(turtlebot3_teleop) by extension 'colcon_pkg'
[0.189s] Level 1:colcon.colcon_core.package_identification:_identify(turtlebot3_teleop) by extensions ['colcon_meta']
[0.189s] Level 1:colcon.colcon_core.package_identification:_identify(turtlebot3_teleop) by extension 'colcon_meta'
[0.189s] Level 1:colcon.colcon_core.package_identification:_identify(turtlebot3_teleop) by extensions ['ros']
[0.189s] Level 1:colcon.colcon_core.package_identification:_identify(turtlebot3_teleop) by extension 'ros'
[0.190s] DEBUG:colcon.colcon_core.package_identification:Package 'turtlebot3_teleop' with type 'ros.ament_python' and name 'turtlebot3_teleop'
[0.190s] Level 1:colcon.colcon_core.package_discovery:discover_packages(recursive) using defaults
[0.190s] Level 1:colcon.colcon_core.package_discovery:discover_packages(ignore) discover
[0.190s] Level 1:colcon.colcon_core.package_discovery:discover_packages(ignore) using defaults
[0.190s] Level 1:colcon.colcon_core.package_discovery:discover_packages(path) discover
[0.190s] Level 1:colcon.colcon_core.package_discovery:discover_packages(path) using defaults
[0.202s] INFO:colcon.colcon_core.package_selection:Skipping not selected package 'rfid_tag_publisher' in 'rfid_tag_publisher'
[0.202s] INFO:colcon.colcon_core.package_selection:Skipping not selected package 'turtlebot3_cartographer' in 'turtlebot3_cartographer'
[0.202s] INFO:colcon.colcon_core.package_selection:Skipping not selected package 'turtlebot3_description' in 'turtlebot3_description'
[0.202s] INFO:colcon.colcon_core.package_selection:Skipping not selected package 'turtlebot3_example' in 'turtlebot3_example'
[0.202s] INFO:colcon.colcon_core.package_selection:Skipping not selected package 'turtlebot3_navigation2' in 'turtlebot3_navigation2'
[0.202s] INFO:colcon.colcon_core.package_selection:Skipping not selected package 'turtlebot3_node' in 'turtlebot3_node'
[0.202s] INFO:colcon.colcon_core.package_selection:Skipping not selected package 'turtlebot3_teleop' in 'turtlebot3_teleop'
[0.202s] INFO:colcon.colcon_core.package_selection:Skipping not selected package 'turtlebot3_bringup' in 'turtlebot3_bringup'
[0.202s] INFO:colcon.colcon_core.package_selection:Skipping not selected package 'turtlebot3' in 'turtlebot3'
[0.202s] Level 1:colcon.colcon_core.package_discovery:discover_packages(prefix_path) check parameters
[0.202s] Level 1:colcon.colcon_core.package_discovery:discover_packages(prefix_path) discover
[0.203s] WARNING:colcon.colcon_ros.prefix_path.ament:The path '/home/youngmo/turtlebot3/install/turtlebot3_bringup' in the environment variable AMENT_PREFIX_PATH doesn't exist
[0.203s] WARNING:colcon.colcon_ros.prefix_path.ament:The path '/home/youngmo/turtlebot3/install/rfid_tag_publisher' in the environment variable AMENT_PREFIX_PATH doesn't exist
[0.203s] WARNING:colcon.colcon_ros.prefix_path.catkin:The path '/home/youngmo/turtlebot3/install/turtlebot3_bringup' in the environment variable CMAKE_PREFIX_PATH doesn't exist
[0.203s] DEBUG:colcon.colcon_installed_package_information.package_discovery:Found 0 installed packages in /home/youngmo/turtlebot3/install
[0.204s] DEBUG:colcon.colcon_installed_package_information.package_discovery:Found 16 installed packages in /home/youngmo/turtlebot3_ws/install
[0.204s] DEBUG:colcon.colcon_installed_package_information.package_discovery:Found 9 installed packages in /home/youngmo/ros2_ws/install
[0.204s] DEBUG:colcon.colcon_installed_package_information.package_discovery:Found 375 installed packages in /opt/ros/humble
[0.205s] Level 1:colcon.colcon_core.package_discovery:discover_packages(prefix_path) using defaults
[0.225s] Level 5:colcon.colcon_core.verb:set package 'rfid_return_navigation' build argument 'cmake_args' from command line to 'None'
[0.225s] Level 5:colcon.colcon_core.verb:set package 'rfid_return_navigation' build argument 'cmake_target' from command line to 'None'
[0.225s] Level 5:colcon.colcon_core.verb:set package 'rfid_return_navigation' build argument 'cmake_target_skip_unavailable' from command line to 'False'
[0.225s] Level 5:colcon.colcon_core.verb:set package 'rfid_return_navigation' build argument 'cmake_clean_cache' from command line to 'False'
[0.225s] Level 5:colcon.colcon_core.verb:set package 'rfid_return_navigation' build argument 'cmake_clean_first' from command line to 'False'
[0.225s] Level 5:colcon.colcon_core.verb:set package 'rfid_return_navigation' build argument 'cmake_force_configure' from command line to 'False'
[0.225s] Level 5:colcon.colcon_core.verb:set package 'rfid_return_navigation' build argument 'ament_cmake_args' from command line to 'None'
[0.225s] Level 5:colcon.colcon_core.verb:set package 'rfid_return_navigation' build argument 'catkin_cmake_args' from command line to 'None'
[0.225s] Level 5:colcon.colcon_core.verb:set package 'rfid_return_navigation' build argument 'catkin_skip_building_tests' from command line to 'False'
[0.225s] DEBUG:colcon.colcon_core.verb:Building package 'rfid_return_navigation' with the following arguments: {'ament_cmake_args': None, 'build_base': '/home/youngmo/turtlebot3/build/rfid_return_navigation', 'catkin_cmake_args': None, 'catkin_skip_building_tests': False, 'cmake_args': None, 'cmake_clean_cache': False, 'cmake_clean_first': False, 'cmake_force_configure': False, 'cmake_target': None, 'cmake_target_skip_unavailable': False, 'install_base': '/home/youngmo/turtlebot3/install/rfid_return_navigation', 'merge_install': False, 'path': '/home/youngmo/turtlebot3/rfid_return_navigation', 'symlink_install': False, 'test_result_base': None}
[0.225s] INFO:colcon.colcon_core.executor:Executing jobs using 'parallel' executor
[0.226s] DEBUG:colcon.colcon_parallel_executor.executor.parallel:run_until_complete
[0.226s] INFO:colcon.colcon_ros.task.ament_python.build:Building ROS package in '/home/youngmo/turtlebot3/rfid_return_navigation' with build type 'ament_python'
[0.226s] Level 1:colcon.colcon_core.shell:create_environment_hook('rfid_return_navigation', 'ament_prefix_path')
[0.228s] INFO:colcon.colcon_core.plugin_system:Skipping extension 'colcon_core.shell.bat': Not used on non-Windows systems
[0.228s] INFO:colcon.colcon_core.shell:Creating environment hook '/home/youngmo/turtlebot3/install/rfid_return_navigation/share/rfid_return_navigation/hook/ament_prefix_path.ps1'
[0.228s] INFO:colcon.colcon_core.shell:Creating environment descriptor '/home/youngmo/turtlebot3/install/rfid_return_navigation/share/rfid_return_navigation/hook/ament_prefix_path.dsv'
[0.228s] INFO:colcon.colcon_core.shell:Creating environment hook '/home/youngmo/turtlebot3/install/rfid_return_navigation/share/rfid_return_navigation/hook/ament_prefix_path.sh'
[0.229s] INFO:colcon.colcon_core.shell:Skip shell extension 'powershell' for command environment: Not usable outside of PowerShell
[0.229s] DEBUG:colcon.colcon_core.shell:Skip shell extension 'dsv' for command environment
[0.375s] INFO:colcon.colcon_core.task.python.build:Building Python package in '/home/youngmo/turtlebot3/rfid_return_navigation'
[0.375s] INFO:colcon.colcon_core.shell:Skip shell extension 'powershell' for command environment: Not usable outside of PowerShell
[0.375s] DEBUG:colcon.colcon_core.shell:Skip shell extension 'dsv' for command environment
[0.573s] DEBUG:colcon.colcon_core.event_handler.log_command:Invoking command in '/home/youngmo/turtlebot3/rfid_return_navigation': PYTHONPATH=/home/youngmo/turtlebot3/build/rfid_return_navigation/prefix_override:/usr/lib/python3/dist-packages/colcon_core/task/python/colcon_distutils_commands:/home/youngmo/turtlebot3/install/rfid_return_navigation/lib/python3.10/site-packages:${PYTHONPATH} /usr/bin/python3 -W ignore:setup.py install is deprecated -W ignore:easy_install command is deprecated setup.py egg_info --egg-base ../build/rfid_return_navigation build --build-base /home/youngmo/turtlebot3/build/rfid_return_navigation/build install --record /home/youngmo/turtlebot3/build/rfid_return_navigation/install.log --single-version-externally-managed install_data
[0.742s] DEBUG:colcon.colcon_core.event_handler.log_command:Invoked command in '/home/youngmo/turtlebot3/rfid_return_navigation' returned '0': PYTHONPATH=/home/youngmo/turtlebot3/build/rfid_return_navigation/prefix_override:/usr/lib/python3/dist-packages/colcon_core/task/python/colcon_distutils_commands:/home/youngmo/turtlebot3/install/rfid_return_navigation/lib/python3.10/site-packages:${PYTHONPATH} /usr/bin/python3 -W ignore:setup.py install is deprecated -W ignore:easy_install command is deprecated setup.py egg_info --egg-base ../build/rfid_return_navigation build --build-base /home/youngmo/turtlebot3/build/rfid_return_navigation/build install --record /home/youngmo/turtlebot3/build/rfid_return_navigation/install.log --single-version-externally-managed install_data
[0.743s] Level 1:colcon.colcon_core.environment:checking '/home/youngmo/turtlebot3/install/rfid_return_navigation' for CMake module files
[0.743s] Level 1:colcon.colcon_core.environment:checking '/home/youngmo/turtlebot3/install/rfid_return_navigation' for CMake config files
[0.744s] Level 1:colcon.colcon_core.environment:checking '/home/youngmo/turtlebot3/install/rfid_return_navigation/lib'
[0.744s] Level 1:colcon.colcon_core.environment:checking '/home/youngmo/turtlebot3/install/rfid_return_navigation/bin'
[0.744s] Level 1:colcon.colcon_core.environment:checking '/home/youngmo/turtlebot3/install/rfid_return_navigation/lib/pkgconfig/rfid_return_navigation.pc'
[0.744s] Level 1:colcon.colcon_core.environment:checking '/home/youngmo/turtlebot3/install/rfid_return_navigation/lib/python3.10/site-packages'
[0.744s] Level 1:colcon.colcon_core.shell:create_environment_hook('rfid_return_navigation', 'pythonpath')
[0.744s] INFO:colcon.colcon_core.shell:Creating environment hook '/home/youngmo/turtlebot3/install/rfid_return_navigation/share/rfid_return_navigation/hook/pythonpath.ps1'
[0.744s] INFO:colcon.colcon_core.shell:Creating environment descriptor '/home/youngmo/turtlebot3/install/rfid_return_navigation/share/rfid_return_navigation/hook/pythonpath.dsv'
[0.745s] INFO:colcon.colcon_core.shell:Creating environment hook '/home/youngmo/turtlebot3/install/rfid_return_navigation/share/rfid_return_navigation/hook/pythonpath.sh'
[0.745s] Level 1:colcon.colcon_core.environment:checking '/home/youngmo/turtlebot3/install/rfid_return_navigation/bin'
[0.745s] Level 1:colcon.colcon_core.environment:create_environment_scripts_only(rfid_return_navigation)
[0.745s] INFO:colcon.colcon_core.shell:Creating package script '/home/youngmo/turtlebot3/install/rfid_return_navigation/share/rfid_return_navigation/package.ps1'
[0.745s] INFO:colcon.colcon_core.shell:Creating package descriptor '/home/youngmo/turtlebot3/install/rfid_return_navigation/share/rfid_return_navigation/package.dsv'
[0.746s] INFO:colcon.colcon_core.shell:Creating package script '/home/youngmo/turtlebot3/install/rfid_return_navigation/share/rfid_return_navigation/package.sh'
[0.746s] INFO:colcon.colcon_core.shell:Creating package script '/home/youngmo/turtlebot3/install/rfid_return_navigation/share/rfid_return_navigation/package.bash'
[0.746s] INFO:colcon.colcon_core.shell:Creating package script '/home/youngmo/turtlebot3/install/rfid_return_navigation/share/rfid_return_navigation/package.zsh'
[0.746s] Level 1:colcon.colcon_core.environment:create_file_with_runtime_dependencies(/home/youngmo/turtlebot3/install/rfid_return_navigation/share/colcon-core/packages/rfid_return_navigation)
[0.747s] DEBUG:colcon.colcon_parallel_executor.executor.parallel:closing loop
[0.747s] DEBUG:colcon.colcon_parallel_executor.executor.parallel:loop closed
[0.747s] DEBUG:colcon.colcon_parallel_executor.executor.parallel:run_until_complete finished with '0'
[0.747s] DEBUG:colcon.colcon_core.event_reactor:joining thread
[0.754s] INFO:colcon.colcon_core.plugin_system:Skipping extension 'colcon_notification.desktop_notification.terminal_notifier': Not used on non-Darwin systems
[0.754s] INFO:colcon.colcon_core.plugin_system:Skipping extension 'colcon_notification.desktop_notification.win32': Not used on non-Windows systems
[0.754s] INFO:colcon.colcon_notification.desktop_notification:Sending desktop notification using 'notify2'
[0.775s] DEBUG:colcon.colcon_core.event_reactor:joined thread
[0.776s] INFO:colcon.colcon_core.shell:Creating prefix script '/home/youngmo/turtlebot3/install/local_setup.ps1'
[0.776s] INFO:colcon.colcon_core.shell:Creating prefix util module '/home/youngmo/turtlebot3/install/_local_setup_util_ps1.py'
[0.777s] INFO:colcon.colcon_core.shell:Creating prefix chain script '/home/youngmo/turtlebot3/install/setup.ps1'
[0.777s] INFO:colcon.colcon_core.shell:Creating prefix script '/home/youngmo/turtlebot3/install/local_setup.sh'
[0.778s] INFO:colcon.colcon_core.shell:Creating prefix util module '/home/youngmo/turtlebot3/install/_local_setup_util_sh.py'
[0.778s] INFO:colcon.colcon_core.shell:Creating prefix chain script '/home/youngmo/turtlebot3/install/setup.sh'
[0.779s] INFO:colcon.colcon_core.shell:Creating prefix script '/home/youngmo/turtlebot3/install/local_setup.bash'
[0.779s] INFO:colcon.colcon_core.shell:Creating prefix chain script '/home/youngmo/turtlebot3/install/setup.bash'
[0.780s] INFO:colcon.colcon_core.shell:Creating prefix script '/home/youngmo/turtlebot3/install/local_setup.zsh'
[0.780s] INFO:colcon.colcon_core.shell:Creating prefix chain script '/home/youngmo/turtlebot3/install/setup.zsh'
