running egg_info
creating ../build/rfid_return_navigation/rfid_return_navigation.egg-info
writing ../build/rfid_return_navigation/rfid_return_navigation.egg-info/PKG-INFO
writing dependency_links to ../build/rfid_return_navigation/rfid_return_navigation.egg-info/dependency_links.txt
writing entry points to ../build/rfid_return_navigation/rfid_return_navigation.egg-info/entry_points.txt
writing requirements to ../build/rfid_return_navigation/rfid_return_navigation.egg-info/requires.txt
writing top-level names to ../build/rfid_return_navigation/rfid_return_navigation.egg-info/top_level.txt
writing manifest file '../build/rfid_return_navigation/rfid_return_navigation.egg-info/SOURCES.txt'
reading manifest file '../build/rfid_return_navigation/rfid_return_navigation.egg-info/SOURCES.txt'
writing manifest file '../build/rfid_return_navigation/rfid_return_navigation.egg-info/SOURCES.txt'
running build
running build_py
creating /home/youngmo/turtlebot3/build/rfid_return_navigation/build
creating /home/youngmo/turtlebot3/build/rfid_return_navigation/build/lib
creating /home/youngmo/turtlebot3/build/rfid_return_navigation/build/lib/rfid_return_navigation
copying rfid_return_navigation/rfid_return_navigation.py -> /home/youngmo/turtlebot3/build/rfid_return_navigation/build/lib/rfid_return_navigation
copying rfid_return_navigation/__init__.py -> /home/youngmo/turtlebot3/build/rfid_return_navigation/build/lib/rfid_return_navigation
running install
running install_lib
creating /home/youngmo/turtlebot3/install/rfid_return_navigation/lib/python3.10/site-packages/rfid_return_navigation
copying /home/youngmo/turtlebot3/build/rfid_return_navigation/build/lib/rfid_return_navigation/rfid_return_navigation.py -> /home/youngmo/turtlebot3/install/rfid_return_navigation/lib/python3.10/site-packages/rfid_return_navigation
copying /home/youngmo/turtlebot3/build/rfid_return_navigation/build/lib/rfid_return_navigation/__init__.py -> /home/youngmo/turtlebot3/install/rfid_return_navigation/lib/python3.10/site-packages/rfid_return_navigation
byte-compiling /home/youngmo/turtlebot3/install/rfid_return_navigation/lib/python3.10/site-packages/rfid_return_navigation/rfid_return_navigation.py to rfid_return_navigation.cpython-310.pyc
byte-compiling /home/youngmo/turtlebot3/install/rfid_return_navigation/lib/python3.10/site-packages/rfid_return_navigation/__init__.py to __init__.cpython-310.pyc
running install_data
creating /home/youngmo/turtlebot3/install/rfid_return_navigation/share/ament_index
creating /home/youngmo/turtlebot3/install/rfid_return_navigation/share/ament_index/resource_index
creating /home/youngmo/turtlebot3/install/rfid_return_navigation/share/ament_index/resource_index/packages
copying resource/rfid_return_navigation -> /home/youngmo/turtlebot3/install/rfid_return_navigation/share/ament_index/resource_index/packages
copying package.xml -> /home/youngmo/turtlebot3/install/rfid_return_navigation/share/rfid_return_navigation
creating /home/youngmo/turtlebot3/install/rfid_return_navigation/share/rfid_return_navigation/launch
copying launch/rfid_return_navigation.launch.py -> /home/youngmo/turtlebot3/install/rfid_return_navigation/share/rfid_return_navigation/launch
running install_egg_info
Copying ../build/rfid_return_navigation/rfid_return_navigation.egg-info to /home/youngmo/turtlebot3/install/rfid_return_navigation/lib/python3.10/site-packages/rfid_return_navigation-0.0.1-py3.10.egg-info
running install_scripts
Installing rfid_return_navigation script to /home/youngmo/turtlebot3/install/rfid_return_navigation/lib/rfid_return_navigation
writing list of installed files to '/home/youngmo/turtlebot3/build/rfid_return_navigation/install.log'
