[0.345s] Invoking command in '/home/youngmo/turtlebot3/rfid_return_navigation': PYTHONPATH=/home/youngmo/turtlebot3/build/rfid_return_navigation/prefix_override:/usr/lib/python3/dist-packages/colcon_core/task/python/colcon_distutils_commands:/home/youngmo/turtlebot3/install/rfid_return_navigation/lib/python3.10/site-packages:${PYTHONPATH} /usr/bin/python3 -W ignore:setup.py install is deprecated -W ignore:easy_install command is deprecated setup.py egg_info --egg-base ../build/rfid_return_navigation build --build-base /home/youngmo/turtlebot3/build/rfid_return_navigation/build install --record /home/youngmo/turtlebot3/build/rfid_return_navigation/install.log --single-version-externally-managed install_data
[0.482s] running egg_info
[0.482s] creating ../build/rfid_return_navigation/rfid_return_navigation.egg-info
[0.482s] writing ../build/rfid_return_navigation/rfid_return_navigation.egg-info/PKG-INFO
[0.483s] writing dependency_links to ../build/rfid_return_navigation/rfid_return_navigation.egg-info/dependency_links.txt
[0.483s] writing entry points to ../build/rfid_return_navigation/rfid_return_navigation.egg-info/entry_points.txt
[0.483s] writing requirements to ../build/rfid_return_navigation/rfid_return_navigation.egg-info/requires.txt
[0.483s] writing top-level names to ../build/rfid_return_navigation/rfid_return_navigation.egg-info/top_level.txt
[0.484s] writing manifest file '../build/rfid_return_navigation/rfid_return_navigation.egg-info/SOURCES.txt'
[0.484s] reading manifest file '../build/rfid_return_navigation/rfid_return_navigation.egg-info/SOURCES.txt'
[0.484s] writing manifest file '../build/rfid_return_navigation/rfid_return_navigation.egg-info/SOURCES.txt'
[0.484s] running build
[0.484s] running build_py
[0.484s] creating /home/youngmo/turtlebot3/build/rfid_return_navigation/build
[0.484s] creating /home/youngmo/turtlebot3/build/rfid_return_navigation/build/lib
[0.484s] creating /home/youngmo/turtlebot3/build/rfid_return_navigation/build/lib/rfid_return_navigation
[0.484s] copying rfid_return_navigation/rfid_return_navigation.py -> /home/youngmo/turtlebot3/build/rfid_return_navigation/build/lib/rfid_return_navigation
[0.484s] copying rfid_return_navigation/__init__.py -> /home/youngmo/turtlebot3/build/rfid_return_navigation/build/lib/rfid_return_navigation
[0.484s] running install
[0.485s] running install_lib
[0.485s] creating /home/youngmo/turtlebot3/install/rfid_return_navigation/lib/python3.10/site-packages/rfid_return_navigation
[0.485s] copying /home/youngmo/turtlebot3/build/rfid_return_navigation/build/lib/rfid_return_navigation/rfid_return_navigation.py -> /home/youngmo/turtlebot3/install/rfid_return_navigation/lib/python3.10/site-packages/rfid_return_navigation
[0.485s] copying /home/youngmo/turtlebot3/build/rfid_return_navigation/build/lib/rfid_return_navigation/__init__.py -> /home/youngmo/turtlebot3/install/rfid_return_navigation/lib/python3.10/site-packages/rfid_return_navigation
[0.485s] byte-compiling /home/youngmo/turtlebot3/install/rfid_return_navigation/lib/python3.10/site-packages/rfid_return_navigation/rfid_return_navigation.py to rfid_return_navigation.cpython-310.pyc
[0.485s] byte-compiling /home/youngmo/turtlebot3/install/rfid_return_navigation/lib/python3.10/site-packages/rfid_return_navigation/__init__.py to __init__.cpython-310.pyc
[0.486s] running install_data
[0.486s] creating /home/youngmo/turtlebot3/install/rfid_return_navigation/share/ament_index
[0.486s] creating /home/youngmo/turtlebot3/install/rfid_return_navigation/share/ament_index/resource_index
[0.486s] creating /home/youngmo/turtlebot3/install/rfid_return_navigation/share/ament_index/resource_index/packages
[0.486s] copying resource/rfid_return_navigation -> /home/youngmo/turtlebot3/install/rfid_return_navigation/share/ament_index/resource_index/packages
[0.486s] copying package.xml -> /home/youngmo/turtlebot3/install/rfid_return_navigation/share/rfid_return_navigation
[0.487s] creating /home/youngmo/turtlebot3/install/rfid_return_navigation/share/rfid_return_navigation/launch
[0.487s] copying launch/rfid_return_navigation.launch.py -> /home/youngmo/turtlebot3/install/rfid_return_navigation/share/rfid_return_navigation/launch
[0.487s] running install_egg_info
[0.487s] Copying ../build/rfid_return_navigation/rfid_return_navigation.egg-info to /home/youngmo/turtlebot3/install/rfid_return_navigation/lib/python3.10/site-packages/rfid_return_navigation-0.0.1-py3.10.egg-info
[0.487s] running install_scripts
[0.499s] Installing rfid_return_navigation script to /home/youngmo/turtlebot3/install/rfid_return_navigation/lib/rfid_return_navigation
[0.500s] writing list of installed files to '/home/youngmo/turtlebot3/build/rfid_return_navigation/install.log'
[0.515s] Invoked command in '/home/youngmo/turtlebot3/rfid_return_navigation' returned '0': PYTHONPATH=/home/youngmo/turtlebot3/build/rfid_return_navigation/prefix_override:/usr/lib/python3/dist-packages/colcon_core/task/python/colcon_distutils_commands:/home/youngmo/turtlebot3/install/rfid_return_navigation/lib/python3.10/site-packages:${PYTHONPATH} /usr/bin/python3 -W ignore:setup.py install is deprecated -W ignore:easy_install command is deprecated setup.py egg_info --egg-base ../build/rfid_return_navigation build --build-base /home/youngmo/turtlebot3/build/rfid_return_navigation/build install --record /home/youngmo/turtlebot3/build/rfid_return_navigation/install.log --single-version-externally-managed install_data
